<?xml version="1.0" encoding="UTF-8"?>
<testng-results skipped="0" failed="0" total="1" passed="1">
  <reporter-output>
  </reporter-output>
  <suite name="Default suite" duration-ms="15845" started-at="2021-06-15T18:34:18Z" finished-at="2021-06-15T18:34:33Z">
    <groups>
    </groups>
    <test name="Default test" duration-ms="15845" started-at="2021-06-15T18:34:18Z" finished-at="2021-06-15T18:34:33Z">
      <class name="Page.gtr">
        <test-method status="PASS" signature="test()[pri:0, instance:Page.gtr@10421f5]" name="test" duration-ms="15827" started-at="2021-06-16T04:34:18Z" finished-at="2021-06-16T04:34:33Z">
          <reporter-output>
          </reporter-output>
        </test-method> <!-- test -->
      </class> <!-- Page.gtr -->
    </test> <!-- Default test -->
  </suite> <!-- Default suite -->
</testng-results>
